<?xml version="1.0" encoding="UTF-8"?>
<testsuite xmlns:xsi="http://www.w3.org/2001/XMLSchema-instance" xsi:noNamespaceSchemaLocation="https://maven.apache.org/surefire/maven-surefire-plugin/xsd/surefire-test-report.xsd" name="cucumberOptions.TestRunner" time="0.803" tests="10" errors="0" skipped="0" failures="0">
  <properties>
[...]
</properties>
  <testcase name="Given User is on landing page" classname="Scenario: Home page default login" time="0.001"/>
  <testcase name="Given User is on landing page" classname="Scenario: Home page default login" time="0"/>
  <testcase name="When User login into application with username &quot;chetan&quot; &amp; password &quot;test123&quot;" classname="Scenario: Home page default login" time="0"/>
  <testcase name="Then Home page is populated" classname="Scenario: Home page default login" time="0"/>
  <testcase name="Then Home page is populated" classname="Scenario: Home page default login" time="0"/>
  <testcase name="And Cards displayed are &quot;true&quot;" classname="Scenario: Home page default login" time="0"/>
  <testcase name="Scenario: Home page default login" classname="Scenario: Home page default login" time="0"/>
  <testcase name="Scenario: Home page default login" classname="Scenario: Home page default login" time="0"/>
  <testcase name="When User login into application with username &quot;shiv&quot; &amp; password &quot;test123&quot;" classname="Scenario: Home page default login" time="0"/>
  <testcase name="And Cards displayed are &quot;false&quot;" classname="Scenario: Home page default login" time="0"/>
</testsuite>