<?xml version="1.0" encoding="UTF-8"?>
<testng-results skipped="0" failed="0" total="1" passed="1">
  <reporter-output>
  </reporter-output>
  <suite name="Surefire suite" duration-ms="13528" started-at="2020-06-14T14:53:51Z" finished-at="2020-06-14T14:54:05Z">
    <groups>
    </groups>
    <test name="Surefire test" duration-ms="13528" started-at="2020-06-14T14:53:51Z" finished-at="2020-06-14T14:54:05Z">
      <class name="cucumber_demo.automation_cucumber.AppTest">
        <test-method status="PASS" signature="shouldAnswerWithTrue()[pri:0, instance:shouldAnswerWithTrue(cucumber_demo.automation_cucumber.AppTest)]" name="shouldAnswerWithTrue" duration-ms="3" started-at="2020-06-14T20:24:05Z" finished-at="2020-06-14T20:24:05Z">
          <reporter-output>
          </reporter-output>
        </test-method> <!-- shouldAnswerWithTrue -->
      </class> <!-- cucumber_demo.automation_cucumber.AppTest -->
    </test> <!-- Surefire test -->
  </suite> <!-- Surefire suite -->
</testng-results>
